<?xml version="1.0" encoding="UTF-8"?>
<!-- Generated by org.testng.reporters.JUnitReportReporter -->
<testsuite hostname="bogon" name="org.example.cases.SimpleTest" tests="2" failures="0" timestamp="5 Nov 2020 10:26:05 GMT" time="0.001" errors="0">
  <testcase name="aFastTest" time="0.000" classname="org.example.cases.SimpleTest"/>
  <testcase name="aSlowTest" time="0.001" classname="org.example.cases.SimpleTest"/>
</testsuite> <!-- org.example.cases.SimpleTest -->
