<?xml version="1.0" encoding="UTF-8"?>
<!-- Generated by org.testng.reporters.JUnitReportReporter -->
<testsuite hostname="bogon" name="org.example.cases.SimpleTest1" tests="1" failures="0" timestamp="5 Nov 2020 10:26:05 GMT" time="0.002" errors="0">
  <testcase name="testAdd" time="0.002" classname="org.example.cases.SimpleTest1"/>
</testsuite> <!-- org.example.cases.SimpleTest1 -->
