<?xml version="1.0" encoding="UTF-8"?>
<!-- Generated by org.testng.reporters.JUnitReportReporter -->
<testsuite hostname="bogon" name="org.example.cases.EmpBusinessLogicTest" tests="2" failures="0" timestamp="5 Nov 2020 10:26:05 GMT" time="0.002" errors="0">
  <testcase name="testCalculateAppriasal" time="0.001" classname="org.example.cases.EmpBusinessLogicTest"/>
  <testcase name="testCalculateYearlySalary" time="0.001" classname="org.example.cases.EmpBusinessLogicTest"/>
</testsuite> <!-- org.example.cases.EmpBusinessLogicTest -->
